0 info it worked if it ends with ok
1 verbose cli [ '/Users/awesomeaniruddh/.nvm/versions/node/v5.9.0/bin/node',
1 verbose cli   '/Users/awesomeaniruddh/.nvm/versions/node/v5.9.0/bin/npm',
1 verbose cli   'run',
1 verbose cli   'serve' ]
2 info using npm@3.7.3
3 info using node@v5.9.0
4 verbose run-script [ 'preserve', 'serve', 'postserve' ]
5 info lifecycle letsmeet@0.0.1~preserve: letsmeet@0.0.1
6 silly lifecycle letsmeet@0.0.1~preserve: no script for preserve, continuing
7 info lifecycle letsmeet@0.0.1~serve: letsmeet@0.0.1
8 verbose lifecycle letsmeet@0.0.1~serve: unsafe-perm in lifecycle true
9 verbose lifecycle letsmeet@0.0.1~serve: PATH: /Users/awesomeaniruddh/.nvm/versions/node/v5.9.0/lib/node_modules/npm/bin/node-gyp-bin:/Users/awesomeaniruddh/Sites/letsmeet/node_modules/.bin:/Users/awesomeaniruddh/.nvm/versions/node/v5.9.0/bin:/Users/awesomeaniruddh/.nvm/versions/node/v5.9.0/bin:/usr/local/bin:/usr/local/sbin:/usr/bin:/bin:/usr/sbin:/sbin:/mongod/bin:/opt/X11/bin:/usr/local/MacGPG2/bin:/Library/TeX/texbin:/Users/awesomeaniruddh/.nvm/versions/node/v5.7.1/bin:/Users/awesomeaniruddh/.rvm/gems/ruby-2.2.1/bin:/Users/awesomeaniruddh/.rvm/gems/ruby-2.2.1@global/bin:/Users/awesomeaniruddh/.rvm/rubies/ruby-2.2.1/bin:/usr/local/bin:/usr/local/sbin:/usr/bin:/bin:/usr/sbin:/sbin:/mongod/bin:/opt/X11/bin:/Library/TeX/texbin:/Users/awesomeaniruddh/.rvm/bin
10 verbose lifecycle letsmeet@0.0.1~serve: CWD: /Users/awesomeaniruddh/Sites/letsmeet
11 silly lifecycle letsmeet@0.0.1~serve: Args: [ '-c',
11 silly lifecycle   'npm run clean && npm run build:server && npm run start:dev && rm -rf build' ]
12 silly lifecycle letsmeet@0.0.1~serve: Returned: code: 1  signal: null
13 info lifecycle letsmeet@0.0.1~serve: Failed to exec serve script
14 verbose stack Error: letsmeet@0.0.1 serve: `npm run clean && npm run build:server && npm run start:dev && rm -rf build`
14 verbose stack Exit status 1
14 verbose stack     at EventEmitter.<anonymous> (/Users/awesomeaniruddh/.nvm/versions/node/v5.9.0/lib/node_modules/npm/lib/utils/lifecycle.js:239:16)
14 verbose stack     at emitTwo (events.js:100:13)
14 verbose stack     at EventEmitter.emit (events.js:185:7)
14 verbose stack     at ChildProcess.<anonymous> (/Users/awesomeaniruddh/.nvm/versions/node/v5.9.0/lib/node_modules/npm/lib/utils/spawn.js:24:14)
14 verbose stack     at emitTwo (events.js:100:13)
14 verbose stack     at ChildProcess.emit (events.js:185:7)
14 verbose stack     at maybeClose (internal/child_process.js:850:16)
14 verbose stack     at Process.ChildProcess._handle.onexit (internal/child_process.js:215:5)
15 verbose pkgid letsmeet@0.0.1
16 verbose cwd /Users/awesomeaniruddh/Sites/letsmeet
17 error Darwin 15.4.0
18 error argv "/Users/awesomeaniruddh/.nvm/versions/node/v5.9.0/bin/node" "/Users/awesomeaniruddh/.nvm/versions/node/v5.9.0/bin/npm" "run" "serve"
19 error node v5.9.0
20 error npm  v3.7.3
21 error code ELIFECYCLE
22 error letsmeet@0.0.1 serve: `npm run clean && npm run build:server && npm run start:dev && rm -rf build`
22 error Exit status 1
23 error Failed at the letsmeet@0.0.1 serve script 'npm run clean && npm run build:server && npm run start:dev && rm -rf build'.
23 error Make sure you have the latest version of node.js and npm installed.
23 error If you do, this is most likely a problem with the letsmeet package,
23 error not with npm itself.
23 error Tell the author that this fails on your system:
23 error     npm run clean && npm run build:server && npm run start:dev && rm -rf build
23 error You can get information on how to open an issue for this project with:
23 error     npm bugs letsmeet
23 error Or if that isn't available, you can get their info via:
23 error     npm owner ls letsmeet
23 error There is likely additional logging output above.
24 verbose exit [ 1, true ]
